<?xml version="1.0" encoding="UTF-8"?>
<beans xmlns="http://www.springframework.org/schema/beans"
	xmlns:xsi="http://www.w3.org/2001/XMLSchema-instance"
	xmlns:p="http://www.springframework.org/schema/p"
	xmlns:tx="http://www.springframework.org/schema/tx"
	xmlns:jdbc="http://www.springframework.org/schema/jdbc"
	xsi:schemaLocation="http://www.springframework.org/schema/beans http://www.springframework.org/schema/beans/spring-beans.xsd
	http://www.springframework.org/schema/tx http://www.springframework.org/schema/tx/spring-tx-3.0.xsd
	http://www.springframework.org/schema/jdbc http://www.springframework.org/schema/jdbc/spring-jdbc-3.0.xsd
	">
	
	<jdbc:embedded-database id="userDataSource" type="HSQL">
		<jdbc:script location="classpath:trans_login.sql"/>
	</jdbc:embedded-database>
	
	<bean id="parentDataSource" abstract="true" class="com.mchange.v2.c3p0.ComboPooledDataSource">
	    <property name="driverClass" value="com.mysql.jdbc.Driver"></property>
	    <property name="user" value="router"/>
	    <property name="password" value="router"/>
	    <property name="initialPoolSize" value="5"></property>
	    <property name="minPoolSize" value="5"></property>
	    <property name="maxPoolSize" value="15"/>
	    <property name="maxStatements" value="50"></property>
	    <property name="automaticTestTable" value="c3p0_test_table"></property>
	    <property name="idleConnectionTestPeriod" value="21600"></property> 
	</bean>
	 
	<bean id="dataSource" parent="parentDataSource">
	   <property name="jdbcUrl" value="jdbc:mysql://localhost:3306/trans_db?characterEncoding=UTF-8"/>
	</bean>
	 
<!-- 	<bean id="userDataSource" parent="parentDataSource"> -->
<!-- 	   <property name="jdbcUrl" value="jdbc:mysql://localhost:3306/trans_login?characterEncoding=UTF-8"/> -->
<!-- 	</bean> -->

	<bean id="sessionFactory" class="org.springframework.orm.hibernate3.annotation.AnnotationSessionFactoryBean"
     p:dataSource-ref="dataSource" p:packagesToScan="com.fm.trans.domain">
     	<property name="hibernateProperties">
     		<props>
     			<prop key="hibernate.dialect">org.hibernate.dialect.MySQLDialect</prop>
     			<prop key="hibernate.connection.driver_class">com.mysql.jdbc.Driver</prop>
     		</props>
     	</property>
     </bean>
     
     <bean id="txMgr" class="org.springframework.orm.hibernate3.HibernateTransactionManager">
	    <property name="sessionFactory" ref="sessionFactory" />
	    <property name="dataSource" ref="dataSource" />
	 </bean>
	  
	<bean id="usersJDBCDao" class="com.fm.trans.dao.jdbc.UserJdbcDao">
    	<property name="dataSource" ref="userDataSource"></property>
    </bean>
    
    <bean id="jdbcTxMgr" class="org.springframework.jdbc.datasource.DataSourceTransactionManager">
    	<property name="dataSource" ref="userDataSource"></property>
    </bean>
    
    <tx:annotation-driven transaction-manager="jdbcTxMgr"/>
    <tx:annotation-driven transaction-manager="txManager"/>


</beans>
